<?xml version="1.0" encoding="UTF-8"?>
<testng-results ignored="4" total="5" passed="0" failed="1" skipped="0">
  <reporter-output>
  </reporter-output>
  <suite started-at="2023-03-18T21:10:22 IST" name="Suite" finished-at="2023-03-18T21:10:53 IST" duration-ms="30844">
    <groups>
    </groups>
    <test started-at="2023-03-18T21:10:22 IST" name="Test1" finished-at="2023-03-18T21:10:47 IST" duration-ms="25693">
      <class name="com.screenshot.result.TestFaceBookTest">
        <test-method is-config="true" signature="setup()[pri:0, instance:com.screenshot.result.TestFaceBookTest@69b2283a]" started-at="2023-03-18T21:10:22 IST" name="setup" finished-at="2023-03-18T21:10:29 IST" duration-ms="7528" status="PASS">
          <reporter-output>
          </reporter-output>
        </test-method> <!-- setup -->
        <test-method signature="LoginFaceBook()[pri:0, instance:com.screenshot.result.TestFaceBookTest@69b2283a]" started-at="2023-03-18T21:10:29 IST" name="LoginFaceBook" finished-at="2023-03-18T21:10:47 IST" duration-ms="17823" status="FAIL">
          <exception class="java.lang.AssertionError">
            <message>
              <![CDATA[expected [1] but found [0]]]>
            </message>
            <full-stacktrace>
              <![CDATA[java.lang.AssertionError: expected [1] but found [0]
at org.testng.Assert.fail(Assert.java:99)
at org.testng.Assert.failNotEquals(Assert.java:1037)
at org.testng.Assert.assertEqualsImpl(Assert.java:140)
at org.testng.Assert.assertEquals(Assert.java:122)
at org.testng.Assert.assertEquals(Assert.java:907)
at org.testng.Assert.assertEquals(Assert.java:917)
at com.screenshot.result.TestFaceBookTest.LoginFaceBook(TestFaceBookTest.java:37)
at java.base/jdk.internal.reflect.NativeMethodAccessorImpl.invoke0(Native Method)
at java.base/jdk.internal.reflect.NativeMethodAccessorImpl.invoke(NativeMethodAccessorImpl.java:77)
at java.base/jdk.internal.reflect.DelegatingMethodAccessorImpl.invoke(DelegatingMethodAccessorImpl.java:43)
at java.base/java.lang.reflect.Method.invoke(Method.java:568)
at org.testng.internal.MethodInvocationHelper.invokeMethod(MethodInvocationHelper.java:133)
at org.testng.internal.TestInvoker.invokeMethod(TestInvoker.java:598)
at org.testng.internal.TestInvoker.invokeTestMethod(TestInvoker.java:173)
at org.testng.internal.MethodRunner.runInSequence(MethodRunner.java:46)
at org.testng.internal.TestInvoker$MethodInvocationAgent.invoke(TestInvoker.java:824)
at org.testng.internal.TestInvoker.invokeTestMethods(TestInvoker.java:146)
at org.testng.internal.TestMethodWorker.invokeTestMethods(TestMethodWorker.java:146)
at org.testng.internal.TestMethodWorker.run(TestMethodWorker.java:128)
at java.base/java.util.ArrayList.forEach(ArrayList.java:1511)
at org.testng.TestRunner.privateRun(TestRunner.java:794)
at org.testng.TestRunner.run(TestRunner.java:596)
at org.testng.SuiteRunner.runTest(SuiteRunner.java:377)
at org.testng.SuiteRunner.runSequentially(SuiteRunner.java:371)
at org.testng.SuiteRunner.privateRun(SuiteRunner.java:332)
at org.testng.SuiteRunner.run(SuiteRunner.java:276)
at org.testng.SuiteRunnerWorker.runSuite(SuiteRunnerWorker.java:53)
at org.testng.SuiteRunnerWorker.run(SuiteRunnerWorker.java:96)
at org.testng.TestNG.runSuitesSequentially(TestNG.java:1212)
at org.testng.TestNG.runSuitesLocally(TestNG.java:1134)
at org.testng.TestNG.runSuites(TestNG.java:1063)
at org.testng.TestNG.run(TestNG.java:1031)
at org.testng.remote.AbstractRemoteTestNG.run(AbstractRemoteTestNG.java:115)
at org.testng.remote.RemoteTestNG.initAndRun(RemoteTestNG.java:251)
at org.testng.remote.RemoteTestNG.main(RemoteTestNG.java:77)
]]>
            </full-stacktrace>
          </exception> <!-- java.lang.AssertionError -->
          <reporter-output>
          </reporter-output>
        </test-method> <!-- LoginFaceBook -->
        <test-method is-config="true" signature="tearDown()[pri:0, instance:com.screenshot.result.TestFaceBookTest@69b2283a]" started-at="2023-03-18T21:10:47 IST" name="tearDown" finished-at="2023-03-18T21:10:47 IST" duration-ms="154" status="PASS">
          <reporter-output>
          </reporter-output>
        </test-method> <!-- tearDown -->
      </class> <!-- com.screenshot.result.TestFaceBookTest -->
    </test> <!-- Test1 -->
    <test started-at="2023-03-18T21:10:53 IST" name="Test2" finished-at="2023-03-18T21:10:53 IST" duration-ms="4">
      <class name="com.test.method.TC2">
        <test-method is-config="true" signature="beforeTest()[pri:0, instance:com.test.method.TC2@647e447]" started-at="2023-03-18T21:10:53 IST" name="beforeTest" finished-at="2023-03-18T21:10:53 IST" duration-ms="1" status="PASS">
          <reporter-output>
          </reporter-output>
        </test-method> <!-- beforeTest -->
        <test-method is-config="true" signature="afterTest()[pri:0, instance:com.test.method.TC2@647e447]" started-at="2023-03-18T21:10:53 IST" name="afterTest" finished-at="2023-03-18T21:10:53 IST" duration-ms="1" status="PASS">
          <reporter-output>
          </reporter-output>
        </test-method> <!-- afterTest -->
      </class> <!-- com.test.method.TC2 -->
    </test> <!-- Test2 -->
    <test started-at="2023-03-18T21:10:53 IST" name="IgnoreTest" finished-at="2023-03-18T21:10:53 IST" duration-ms="6">
      <class name="com.test.method.TC2">
        <test-method is-config="true" signature="beforeSuite()[pri:0, instance:com.test.method.TC2@647e447]" started-at="2023-03-18T21:10:22 IST" name="beforeSuite" finished-at="2023-03-18T21:10:22 IST" duration-ms="11" status="PASS">
          <reporter-output>
          </reporter-output>
        </test-method> <!-- beforeSuite -->
        <test-method is-config="true" signature="afterSuite()[pri:0, instance:com.test.method.TC2@647e447]" started-at="2023-03-18T21:10:53 IST" name="afterSuite" finished-at="2023-03-18T21:10:53 IST" duration-ms="1" status="PASS">
          <reporter-output>
          </reporter-output>
        </test-method> <!-- afterSuite -->
      </class> <!-- com.test.method.TC2 -->
    </test> <!-- IgnoreTest -->
  </suite> <!-- Suite -->
</testng-results>
